#
# There is insufficient memory for the Java Runtime Environment to continue.
# Native memory allocation (malloc) failed to allocate 262160 bytes for Chunk::new
# Possible reasons:
#   The system is out of physical RAM or swap space
#   The process is running with CompressedOops enabled, and the Java Heap may be blocking the growth of the native heap
# Possible solutions:
#   Reduce memory load on the system
#   Increase physical memory or swap space
#   Check if swap backing store is full
#   Decrease Java heap size (-Xmx/-Xms)
#   Decrease number of Java threads
#   Decrease Java thread stack sizes (-Xss)
#   Set larger code cache with -XX:ReservedCodeCacheSize=
#   JVM is running with Unscaled Compressed Oops mode in which the Java heap is
#     placed in the first 4GB address space. The Java Heap base address is the
#     maximum limit for the native heap growth. Please use -XX:HeapBaseMinAddress
#     to set the Java Heap base and to place the Java Heap above 4GB virtual address.
# This output file may be truncated or incomplete.
#
#  Out of Memory Error (arena.cpp:168), pid=22156, tid=6064
#
# JRE version: Java(TM) SE Runtime Environment (21.0.3+7) (build 21.0.3+7-LTS-152)
# Java VM: Java HotSpot(TM) 64-Bit Server VM (21.0.3+7-LTS-152, mixed mode, sharing, tiered, compressed oops, compressed class ptrs, g1 gc, windows-amd64)
# No core dump will be written. Minidumps are not enabled by default on client versions of Windows
#

---------------  S U M M A R Y ------------

Command Line: -Dcom.sun.management.jmxremote -Dcom.sun.management.jmxremote.port=52015 -Dcom.sun.management.jmxremote.authenticate=false -Dcom.sun.management.jmxremote.ssl=false -Dspring.jmx.enabled=true -Djava.rmi.server.hostname=localhost -Dspring.application.admin.enabled=true -Dspring.boot.project.name=duantn -XX:+ShowCodeDetailsInExceptionMessages com.duantn.DuantnApplication

Host: AMD Ryzen 5 5625U with Radeon Graphics         , 12 cores, 7G,  Windows 11 , 64 bit Build 26100 (10.0.26100.3775)
Time: Wed Jul  9 11:30:15 2025 SE Asia Standard Time elapsed time: 11.390949 seconds (0d 0h 0m 11s)

---------------  T H R E A D  ---------------

Current thread (0x0000029ecf7b70c0):  JavaThread "C2 CompilerThread0" daemon [_thread_in_native, id=6064, stack(0x000000faa3600000,0x000000faa3700000) (1024K)]


Current CompileTask:
C2:  11391 8078       4       sun.security.ec.ECOperations::setSum (685 bytes)

Stack: [0x000000faa3600000,0x000000faa3700000]
Native frames: (J=compiled Java code, j=interpreted, Vv=VM code, C=native code)
V  [jvm.dll+0x6c63b9]
V  [jvm.dll+0x84fa11]
V  [jvm.dll+0x851f3e]
V  [jvm.dll+0x852613]
V  [jvm.dll+0x27cd46]
V  [jvm.dll+0xc4aad]
V  [jvm.dll+0xc4fe3]
V  [jvm.dll+0xc4bd5]
V  [jvm.dll+0x6a32ec]
V  [jvm.dll+0x5ff7fe]
V  [jvm.dll+0x5ee49b]
V  [jvm.dll+0x5ee0c5]
V  [jvm.dll+0x7b6c0a]
V  [jvm.dll+0x7ae18c]
V  [jvm.dll+0x7b9aea]
V  [jvm.dll+0x5f1ed7]
V  [jvm.dll+0x24e99f]
V  [jvm.dll+0x24ed7f]
V  [jvm.dll+0x247984]
V  [jvm.dll+0x245014]
V  [jvm.dll+0x1c689e]
V  [jvm.dll+0x254609]
V  [jvm.dll+0x252b9a]
V  [jvm.dll+0x3eb056]
V  [jvm.dll+0x7f9ffb]
V  [jvm.dll+0x6c4a9d]
C  [ucrtbase.dll+0x37b0]
C  [KERNEL32.DLL+0x2e8d7]
C  [ntdll.dll+0xb14fc]


---------------  P R O C E S S  ---------------

Threads class SMR info:
_java_thread_list=0x0000029f185a9d00, length=22, elements={
0x0000029eb35012f0, 0x0000029ecf79fdd0, 0x0000029ecf7a13a0, 0x0000029ecf7a5eb0,
0x0000029ecf7a7db0, 0x0000029ecf7adb80, 0x0000029ecf7aed80, 0x0000029ecf7b70c0,
0x0000029ecf7b8e70, 0x0000029ecf7685e0, 0x0000029ed02e3ef0, 0x0000029ed0cf9030,
0x0000029ed0d4e2c0, 0x0000029ed0b333b0, 0x0000029f164aeb40, 0x0000029ed0bbbbc0,
0x0000029f17f8d420, 0x0000029f17f8dab0, 0x0000029f182bf770, 0x0000029f182bc2f0,
0x0000029f182bc980, 0x0000029f182c0490
}

Java Threads: ( => current thread )
  0x0000029eb35012f0 JavaThread "main"                              [_thread_blocked, id=26656, stack(0x000000faa2800000,0x000000faa2900000) (1024K)]
  0x0000029ecf79fdd0 JavaThread "Reference Handler"          daemon [_thread_blocked, id=25792, stack(0x000000faa3000000,0x000000faa3100000) (1024K)]
  0x0000029ecf7a13a0 JavaThread "Finalizer"                  daemon [_thread_blocked, id=22992, stack(0x000000faa3100000,0x000000faa3200000) (1024K)]
  0x0000029ecf7a5eb0 JavaThread "Signal Dispatcher"          daemon [_thread_blocked, id=13180, stack(0x000000faa3200000,0x000000faa3300000) (1024K)]
  0x0000029ecf7a7db0 JavaThread "Attach Listener"            daemon [_thread_blocked, id=23148, stack(0x000000faa3300000,0x000000faa3400000) (1024K)]
  0x0000029ecf7adb80 JavaThread "Service Thread"             daemon [_thread_blocked, id=20152, stack(0x000000faa3400000,0x000000faa3500000) (1024K)]
  0x0000029ecf7aed80 JavaThread "Monitor Deflation Thread"   daemon [_thread_blocked, id=12988, stack(0x000000faa3500000,0x000000faa3600000) (1024K)]
=>0x0000029ecf7b70c0 JavaThread "C2 CompilerThread0"         daemon [_thread_in_native, id=6064, stack(0x000000faa3600000,0x000000faa3700000) (1024K)]
  0x0000029ecf7b8e70 JavaThread "C1 CompilerThread0"         daemon [_thread_blocked, id=21228, stack(0x000000faa3700000,0x000000faa3800000) (1024K)]
  0x0000029ecf7685e0 JavaThread "Common-Cleaner"             daemon [_thread_blocked, id=22140, stack(0x000000faa3800000,0x000000faa3900000) (1024K)]
  0x0000029ed02e3ef0 JavaThread "Notification Thread"        daemon [_thread_blocked, id=7604, stack(0x000000faa3900000,0x000000faa3a00000) (1024K)]
  0x0000029ed0cf9030 JavaThread "RMI TCP Accept-0"           daemon [_thread_in_native, id=5060, stack(0x000000faa3b00000,0x000000faa3c00000) (1024K)]
  0x0000029ed0d4e2c0 JavaThread "RMI TCP Accept-52015"       daemon [_thread_in_native, id=25068, stack(0x000000faa3c00000,0x000000faa3d00000) (1024K)]
  0x0000029ed0b333b0 JavaThread "RMI TCP Accept-0"           daemon [_thread_in_native, id=14204, stack(0x000000faa3d00000,0x000000faa3e00000) (1024K)]
  0x0000029f164aeb40 JavaThread "Thread-0"                          [_thread_blocked, id=5348, stack(0x000000faa4600000,0x000000faa4700000) (1024K)]
  0x0000029ed0bbbbc0 JavaThread "restartedMain"                     [_thread_in_native, id=412, stack(0x000000faa4700000,0x000000faa4800000) (1024K)]
  0x0000029f17f8d420 JavaThread "Catalina-utility-1"                [_thread_blocked, id=24848, stack(0x000000faa4800000,0x000000faa4900000) (1024K)]
  0x0000029f17f8dab0 JavaThread "Catalina-utility-2"                [_thread_blocked, id=13168, stack(0x000000faa4d00000,0x000000faa4e00000) (1024K)]
  0x0000029f182bf770 JavaThread "container-0"                       [_thread_blocked, id=16296, stack(0x000000faa4e00000,0x000000faa4f00000) (1024K)]
  0x0000029f182bc2f0 JavaThread "mssql-jdbc-shared-timer-core-0" daemon [_thread_blocked, id=18816, stack(0x000000faa3a00000,0x000000faa3b00000) (1024K)]
  0x0000029f182bc980 JavaThread "HikariPool-1:housekeeper"   daemon [_thread_blocked, id=27172, stack(0x000000faa4a00000,0x000000faa4b00000) (1024K)]
  0x0000029f182c0490 JavaThread "HikariPool-1:connection-adder" daemon [_thread_in_native, id=9592, stack(0x000000faa5000000,0x000000faa5100000) (1024K)]
Total: 22

Other Threads:
  0x0000029ecf77ee40 VMThread "VM Thread"                           [id=15304, stack(0x000000faa2f00000,0x000000faa3000000) (1024K)]
  0x0000029ecf7675d0 WatcherThread "VM Periodic Task Thread"        [id=1080, stack(0x000000faa2e00000,0x000000faa2f00000) (1024K)]
  0x0000029eb3559370 WorkerThread "GC Thread#0"                     [id=3628, stack(0x000000faa2900000,0x000000faa2a00000) (1024K)]
  0x0000029f163eae90 WorkerThread "GC Thread#1"                     [id=15996, stack(0x000000faa3e00000,0x000000faa3f00000) (1024K)]
  0x0000029f163da3b0 WorkerThread "GC Thread#2"                     [id=18416, stack(0x000000faa3f00000,0x000000faa4000000) (1024K)]
  0x0000029f163da750 WorkerThread "GC Thread#3"                     [id=21032, stack(0x000000faa4000000,0x000000faa4100000) (1024K)]
  0x0000029f163daaf0 WorkerThread "GC Thread#4"                     [id=9728, stack(0x000000faa4100000,0x000000faa4200000) (1024K)]
  0x0000029f163dae90 WorkerThread "GC Thread#5"                     [id=27276, stack(0x000000faa4200000,0x000000faa4300000) (1024K)]
  0x0000029f163db230 WorkerThread "GC Thread#6"                     [id=20736, stack(0x000000faa4300000,0x000000faa4400000) (1024K)]
  0x0000029f163db5d0 WorkerThread "GC Thread#7"                     [id=25700, stack(0x000000faa4400000,0x000000faa4500000) (1024K)]
  0x0000029f163db970 WorkerThread "GC Thread#8"                     [id=14580, stack(0x000000faa4500000,0x000000faa4600000) (1024K)]
  0x0000029f1697d630 WorkerThread "GC Thread#9"                     [id=768, stack(0x000000faa4900000,0x000000faa4a00000) (1024K)]
  0x0000029eb3569c60 ConcurrentGCThread "G1 Main Marker"            [id=24444, stack(0x000000faa2a00000,0x000000faa2b00000) (1024K)]
  0x0000029eb356ae10 WorkerThread "G1 Conc#0"                       [id=16204, stack(0x000000faa2b00000,0x000000faa2c00000) (1024K)]
  0x0000029f1697c7b0 WorkerThread "G1 Conc#1"                       [id=14492, stack(0x000000faa4b00000,0x000000faa4c00000) (1024K)]
  0x0000029f1697cb50 WorkerThread "G1 Conc#2"                       [id=17000, stack(0x000000faa4c00000,0x000000faa4d00000) (1024K)]
  0x0000029eb35aea70 ConcurrentGCThread "G1 Refine#0"               [id=9904, stack(0x000000faa2c00000,0x000000faa2d00000) (1024K)]
  0x0000029ecf6393d0 ConcurrentGCThread "G1 Service"                [id=26256, stack(0x000000faa2d00000,0x000000faa2e00000) (1024K)]
Total: 18

Threads with active compile tasks:
C2 CompilerThread0    11417 8078       4       sun.security.ec.ECOperations::setSum (685 bytes)
Total: 1

VM state: not at safepoint (normal execution)

VM Mutex/Monitor currently owned by a thread: None

Heap address: 0x000000008a400000, size: 1884 MB, Compressed Oops mode: 32-bit

CDS archive(s) mapped at: [0x0000029ed1000000-0x0000029ed1c90000-0x0000029ed1c90000), size 13172736, SharedBaseAddress: 0x0000029ed1000000, ArchiveRelocationMode: 1.
Compressed class space mapped at: 0x0000029ed2000000-0x0000029f12000000, reserved size: 1073741824
Narrow klass base: 0x0000029ed1000000, Narrow klass shift: 0, Narrow klass range: 0x100000000

GC Precious Log:
 CardTable entry size: 512
 Card Set container configuration: InlinePtr #cards 5 size 8 Array Of Cards #cards 12 size 40 Howl #buckets 4 coarsen threshold 1843 Howl Bitmap #cards 512 size 80 coarsen threshold 460 Card regions per heap region 1 cards per card region 2048
 CPUs: 12 total, 12 available
 Memory: 7531M
 Large Page Support: Disabled
 NUMA Support: Disabled
 Compressed Oops: Enabled (32-bit)
 Heap Region Size: 1M
 Heap Min Capacity: 8M
 Heap Initial Capacity: 118M
 Heap Max Capacity: 1884M
 Pre-touch: Disabled
 Parallel Workers: 10
 Concurrent Workers: 3
 Concurrent Refinement Workers: 10
 Periodic GC: Disabled

Heap:
 garbage-first heap   total 66560K, used 46246K [0x000000008a400000, 0x0000000100000000)
  region size 1024K, 18 young (18432K), 3 survivors (3072K)
 Metaspace       used 68789K, committed 69440K, reserved 1114112K
  class space    used 9044K, committed 9344K, reserved 1048576K

Heap Regions: E=young(eden), S=young(survivor), O=old, HS=humongous(starts), HC=humongous(continues), CS=collection set, F=free, TAMS=top-at-mark-start, PB=parsable bottom
|   0|0x000000008a400000, 0x000000008a500000, 0x000000008a500000|100%|HS|  |TAMS 0x000000008a400000| PB 0x000000008a400000| Complete 
|   1|0x000000008a500000, 0x000000008a600000, 0x000000008a600000|100%|HS|  |TAMS 0x000000008a500000| PB 0x000000008a500000| Complete 
|   2|0x000000008a600000, 0x000000008a700000, 0x000000008a700000|100%| O|  |TAMS 0x000000008a600000| PB 0x000000008a600000| Untracked 
|   3|0x000000008a700000, 0x000000008a800000, 0x000000008a800000|100%| O|  |TAMS 0x000000008a700000| PB 0x000000008a700000| Untracked 
|   4|0x000000008a800000, 0x000000008a900000, 0x000000008a900000|100%| O|  |TAMS 0x000000008a800000| PB 0x000000008a800000| Untracked 
|   5|0x000000008a900000, 0x000000008aa00000, 0x000000008aa00000|100%| O|  |TAMS 0x000000008a900000| PB 0x000000008a900000| Untracked 
|   6|0x000000008aa00000, 0x000000008ab00000, 0x000000008ab00000|100%| O|  |TAMS 0x000000008aa00000| PB 0x000000008aa00000| Untracked 
|   7|0x000000008ab00000, 0x000000008ac00000, 0x000000008ac00000|100%| O|  |TAMS 0x000000008ab00000| PB 0x000000008ab00000| Untracked 
|   8|0x000000008ac00000, 0x000000008ad00000, 0x000000008ad00000|100%| O|  |TAMS 0x000000008ac00000| PB 0x000000008ac00000| Untracked 
|   9|0x000000008ad00000, 0x000000008ae00000, 0x000000008ae00000|100%| O|  |TAMS 0x000000008ad00000| PB 0x000000008ad00000| Untracked 
|  10|0x000000008ae00000, 0x000000008af00000, 0x000000008af00000|100%| O|  |TAMS 0x000000008ae00000| PB 0x000000008ae00000| Untracked 
|  11|0x000000008af00000, 0x000000008b000000, 0x000000008b000000|100%| O|  |TAMS 0x000000008af00000| PB 0x000000008af00000| Untracked 
|  12|0x000000008b000000, 0x000000008b100000, 0x000000008b100000|100%| O|  |TAMS 0x000000008b000000| PB 0x000000008b000000| Untracked 
|  13|0x000000008b100000, 0x000000008b200000, 0x000000008b200000|100%| O|  |TAMS 0x000000008b100000| PB 0x000000008b100000| Untracked 
|  14|0x000000008b200000, 0x000000008b300000, 0x000000008b300000|100%| O|  |TAMS 0x000000008b200000| PB 0x000000008b200000| Untracked 
|  15|0x000000008b300000, 0x000000008b400000, 0x000000008b400000|100%| O|  |TAMS 0x000000008b300000| PB 0x000000008b300000| Untracked 
|  16|0x000000008b400000, 0x000000008b500000, 0x000000008b500000|100%| O|  |TAMS 0x000000008b400000| PB 0x000000008b400000| Untracked 
|  17|0x000000008b500000, 0x000000008b600000, 0x000000008b600000|100%| O|  |TAMS 0x000000008b500000| PB 0x000000008b500000| Untracked 
|  18|0x000000008b600000, 0x000000008b700000, 0x000000008b700000|100%| O|  |TAMS 0x000000008b600000| PB 0x000000008b600000| Untracked 
|  19|0x000000008b700000, 0x000000008b800000, 0x000000008b800000|100%| O|  |TAMS 0x000000008b700000| PB 0x000000008b700000| Untracked 
|  20|0x000000008b800000, 0x000000008b900000, 0x000000008b900000|100%| O|  |TAMS 0x000000008b800000| PB 0x000000008b800000| Untracked 
|  21|0x000000008b900000, 0x000000008ba00000, 0x000000008ba00000|100%| O|  |TAMS 0x000000008b900000| PB 0x000000008b900000| Untracked 
|  22|0x000000008ba00000, 0x000000008ba00000, 0x000000008bb00000|  0%| F|  |TAMS 0x000000008ba00000| PB 0x000000008ba00000| Untracked 
|  23|0x000000008bb00000, 0x000000008bc00000, 0x000000008bc00000|100%| O|  |TAMS 0x000000008bb00000| PB 0x000000008bb00000| Untracked 
|  24|0x000000008bc00000, 0x000000008bd00000, 0x000000008bd00000|100%| O|  |TAMS 0x000000008bc00000| PB 0x000000008bc00000| Untracked 
|  25|0x000000008bd00000, 0x000000008be00000, 0x000000008be00000|100%| O|  |TAMS 0x000000008bd00000| PB 0x000000008bd00000| Untracked 
|  26|0x000000008be00000, 0x000000008bf00000, 0x000000008bf00000|100%| O|  |TAMS 0x000000008be00000| PB 0x000000008be00000| Untracked 
|  27|0x000000008bf00000, 0x000000008c000000, 0x000000008c000000|100%| O|  |TAMS 0x000000008bf00000| PB 0x000000008bf00000| Untracked 
|  28|0x000000008c000000, 0x000000008c100000, 0x000000008c100000|100%| O|  |TAMS 0x000000008c000000| PB 0x000000008c000000| Untracked 
|  29|0x000000008c100000, 0x000000008c100000, 0x000000008c200000|  0%| F|  |TAMS 0x000000008c100000| PB 0x000000008c100000| Untracked 
|  30|0x000000008c200000, 0x000000008c200000, 0x000000008c300000|  0%| F|  |TAMS 0x000000008c200000| PB 0x000000008c200000| Untracked 
|  31|0x000000008c300000, 0x000000008c300000, 0x000000008c400000|  0%| F|  |TAMS 0x000000008c300000| PB 0x000000008c300000| Untracked 
|  32|0x000000008c400000, 0x000000008c429910, 0x000000008c500000| 16%| S|CS|TAMS 0x000000008c400000| PB 0x000000008c400000| Complete 
|  33|0x000000008c500000, 0x000000008c600000, 0x000000008c600000|100%| O|  |TAMS 0x000000008c500000| PB 0x000000008c500000| Untracked 
|  34|0x000000008c600000, 0x000000008c700000, 0x000000008c700000|100%| S|CS|TAMS 0x000000008c600000| PB 0x000000008c600000| Complete 
|  35|0x000000008c700000, 0x000000008c700000, 0x000000008c800000|  0%| F|  |TAMS 0x000000008c700000| PB 0x000000008c700000| Untracked 
|  36|0x000000008c800000, 0x000000008c800000, 0x000000008c900000|  0%| F|  |TAMS 0x000000008c800000| PB 0x000000008c800000| Untracked 
|  37|0x000000008c900000, 0x000000008ca00000, 0x000000008ca00000|100%| S|CS|TAMS 0x000000008c900000| PB 0x000000008c900000| Complete 
|  38|0x000000008ca00000, 0x000000008ca00000, 0x000000008cb00000|  0%| F|  |TAMS 0x000000008ca00000| PB 0x000000008ca00000| Untracked 
|  39|0x000000008cb00000, 0x000000008cb00000, 0x000000008cc00000|  0%| F|  |TAMS 0x000000008cb00000| PB 0x000000008cb00000| Untracked 
|  40|0x000000008cc00000, 0x000000008cc00000, 0x000000008cd00000|  0%| F|  |TAMS 0x000000008cc00000| PB 0x000000008cc00000| Untracked 
|  41|0x000000008cd00000, 0x000000008cd00000, 0x000000008ce00000|  0%| F|  |TAMS 0x000000008cd00000| PB 0x000000008cd00000| Untracked 
|  42|0x000000008ce00000, 0x000000008ce00000, 0x000000008cf00000|  0%| F|  |TAMS 0x000000008ce00000| PB 0x000000008ce00000| Untracked 
|  43|0x000000008cf00000, 0x000000008cf00000, 0x000000008d000000|  0%| F|  |TAMS 0x000000008cf00000| PB 0x000000008cf00000| Untracked 
|  44|0x000000008d000000, 0x000000008d000000, 0x000000008d100000|  0%| F|  |TAMS 0x000000008d000000| PB 0x000000008d000000| Untracked 
|  45|0x000000008d100000, 0x000000008d100000, 0x000000008d200000|  0%| F|  |TAMS 0x000000008d100000| PB 0x000000008d100000| Untracked 
|  46|0x000000008d200000, 0x000000008d200000, 0x000000008d300000|  0%| F|  |TAMS 0x000000008d200000| PB 0x000000008d200000| Untracked 
|  47|0x000000008d300000, 0x000000008d300000, 0x000000008d400000|  0%| F|  |TAMS 0x000000008d300000| PB 0x000000008d300000| Untracked 
|  48|0x000000008d400000, 0x000000008d400000, 0x000000008d500000|  0%| F|  |TAMS 0x000000008d400000| PB 0x000000008d400000| Untracked 
|  49|0x000000008d500000, 0x000000008d500000, 0x000000008d600000|  0%| F|  |TAMS 0x000000008d500000| PB 0x000000008d500000| Untracked 
|  50|0x000000008d600000, 0x000000008d624798, 0x000000008d700000| 14%| E|  |TAMS 0x000000008d600000| PB 0x000000008d600000| Complete 
|  51|0x000000008d700000, 0x000000008d800000, 0x000000008d800000|100%| E|CS|TAMS 0x000000008d700000| PB 0x000000008d700000| Complete 
|  52|0x000000008d800000, 0x000000008d900000, 0x000000008d900000|100%| E|CS|TAMS 0x000000008d800000| PB 0x000000008d800000| Complete 
|  53|0x000000008d900000, 0x000000008da00000, 0x000000008da00000|100%| E|CS|TAMS 0x000000008d900000| PB 0x000000008d900000| Complete 
|  54|0x000000008da00000, 0x000000008db00000, 0x000000008db00000|100%| E|CS|TAMS 0x000000008da00000| PB 0x000000008da00000| Complete 
|  55|0x000000008db00000, 0x000000008dc00000, 0x000000008dc00000|100%| E|CS|TAMS 0x000000008db00000| PB 0x000000008db00000| Complete 
|  56|0x000000008dc00000, 0x000000008dd00000, 0x000000008dd00000|100%| E|CS|TAMS 0x000000008dc00000| PB 0x000000008dc00000| Complete 
|  57|0x000000008dd00000, 0x000000008de00000, 0x000000008de00000|100%| E|CS|TAMS 0x000000008dd00000| PB 0x000000008dd00000| Complete 
|  58|0x000000008de00000, 0x000000008df00000, 0x000000008df00000|100%| E|CS|TAMS 0x000000008de00000| PB 0x000000008de00000| Complete 
|  77|0x000000008f100000, 0x000000008f200000, 0x000000008f200000|100%| E|CS|TAMS 0x000000008f100000| PB 0x000000008f100000| Complete 
|  78|0x000000008f200000, 0x000000008f300000, 0x000000008f300000|100%| E|CS|TAMS 0x000000008f200000| PB 0x000000008f200000| Complete 
|  79|0x000000008f300000, 0x000000008f400000, 0x000000008f400000|100%| E|CS|TAMS 0x000000008f300000| PB 0x000000008f300000| Complete 
|  80|0x000000008f400000, 0x000000008f500000, 0x000000008f500000|100%| E|CS|TAMS 0x000000008f400000| PB 0x000000008f400000| Complete 
|  81|0x000000008f500000, 0x000000008f600000, 0x000000008f600000|100%| E|CS|TAMS 0x000000008f500000| PB 0x000000008f500000| Complete 
| 117|0x0000000091900000, 0x0000000091a00000, 0x0000000091a00000|100%| E|CS|TAMS 0x0000000091900000| PB 0x0000000091900000| Complete 

Card table byte_map: [0x0000029ecb270000,0x0000029ecb620000] _byte_map_base: 0x0000029ecae1e000

Marking Bits: (CMBitMap*) 0x0000029eb3559980
 Bits: [0x0000029ecb620000, 0x0000029ecd390000)

Polling page: 0x0000029eb1410000

Metaspace:

Usage:
  Non-class:     58.35 MB used.
      Class:      8.83 MB used.
       Both:     67.18 MB used.

Virtual space:
  Non-class space:       64.00 MB reserved,      58.69 MB ( 92%) committed,  1 nodes.
      Class space:        1.00 GB reserved,       9.12 MB ( <1%) committed,  1 nodes.
             Both:        1.06 GB reserved,      67.81 MB (  6%) committed. 

Chunk freelists:
   Non-Class:  5.16 MB
       Class:  6.89 MB
        Both:  12.05 MB

MaxMetaspaceSize: unlimited
CompressedClassSpaceSize: 1.00 GB
Initial GC threshold: 21.00 MB
Current GC threshold: 98.88 MB
CDS: on
 - commit_granule_bytes: 65536.
 - commit_granule_words: 8192.
 - virtual_space_node_default_size: 8388608.
 - enlarge_chunks_in_place: 1.
 - use_allocation_guard: 0.


Internal statistics:

num_allocs_failed_limit: 9.
num_arena_births: 904.
num_arena_deaths: 0.
num_vsnodes_births: 2.
num_vsnodes_deaths: 0.
num_space_committed: 1085.
num_space_uncommitted: 0.
num_chunks_returned_to_freelist: 9.
num_chunks_taken_from_freelist: 3233.
num_chunk_merges: 9.
num_chunk_splits: 2311.
num_chunks_enlarged: 1775.
num_inconsistent_stats: 0.

CodeHeap 'non-profiled nmethods': size=120000Kb used=4593Kb max_used=4593Kb free=115407Kb
 bounds [0x0000029ec3430000, 0x0000029ec38b0000, 0x0000029eca960000]
CodeHeap 'profiled nmethods': size=120000Kb used=13843Kb max_used=13843Kb free=106156Kb
 bounds [0x0000029ebb960000, 0x0000029ebc6f0000, 0x0000029ec2e90000]
CodeHeap 'non-nmethods': size=5760Kb used=1756Kb max_used=1772Kb free=4004Kb
 bounds [0x0000029ec2e90000, 0x0000029ec3100000, 0x0000029ec3430000]
 total_blobs=8140 nmethods=7374 adapters=669
 compilation: enabled
              stopped_count=0, restarted_count=0
 full_count=0

Compilation events (20 events):
Event: 11.231 Thread 0x0000029ecf7b8e70 8098       1       com.microsoft.sqlserver.jdbc.Column::setInternalVariant (6 bytes)
Event: 11.231 Thread 0x0000029ecf7b8e70 nmethod 8098 0x0000029ec38ac110 code [0x0000029ec38ac2a0, 0x0000029ec38ac3b0]
Event: 11.231 Thread 0x0000029ecf7b8e70 8099       3       java.nio.HeapByteBuffer::put (17 bytes)
Event: 11.231 Thread 0x0000029ecf7b8e70 nmethod 8099 0x0000029ebc6e2e10 code [0x0000029ebc6e2fc0, 0x0000029ebc6e3220]
Event: 11.232 Thread 0x0000029ecf7b8e70 8100       3       mssql.googlecode.cityhash.CityHash::fetch64 (6 bytes)
Event: 11.233 Thread 0x0000029ecf7b8e70 nmethod 8100 0x0000029ebc6e3390 code [0x0000029ebc6e3540, 0x0000029ebc6e3658]
Event: 11.233 Thread 0x0000029ecf7b8e70 8101       3       mssql.googlecode.cityhash.CityHash::toLongLE (109 bytes)
Event: 11.233 Thread 0x0000029ecf7b8e70 nmethod 8101 0x0000029ebc6e3710 code [0x0000029ebc6e38c0, 0x0000029ebc6e3b68]
Event: 11.233 Thread 0x0000029ecf7b8e70 8102       3       java.util.logging.Logger::exiting (14 bytes)
Event: 11.233 Thread 0x0000029ecf7b8e70 nmethod 8102 0x0000029ebc6e3d10 code [0x0000029ebc6e3ec0, 0x0000029ebc6e40b0]
Event: 11.233 Thread 0x0000029ecf7b8e70 8103       3       mssql.googlecode.cityhash.CityHash::rotate (19 bytes)
Event: 11.233 Thread 0x0000029ecf7b8e70 nmethod 8103 0x0000029ebc6e4190 code [0x0000029ebc6e4320, 0x0000029ebc6e4478]
Event: 11.233 Thread 0x0000029ecf7b8e70 8104       3       java.nio.HeapByteBuffer::put (64 bytes)
Event: 11.234 Thread 0x0000029ecf7b8e70 nmethod 8104 0x0000029ebc6e4510 code [0x0000029ebc6e4780, 0x0000029ebc6e5138]
Event: 11.234 Thread 0x0000029ecf7b8e70 8105       3       jdk.internal.misc.Unsafe::putShortUnaligned (14 bytes)
Event: 11.234 Thread 0x0000029ecf7b8e70 nmethod 8105 0x0000029ebc6e5490 code [0x0000029ebc6e5640, 0x0000029ebc6e5880]
Event: 11.234 Thread 0x0000029ecf7b8e70 8106       3       jdk.internal.misc.Unsafe::putShortUnaligned (37 bytes)
Event: 11.234 Thread 0x0000029ecf7b8e70 nmethod 8106 0x0000029ebc6e5990 code [0x0000029ebc6e5b40, 0x0000029ebc6e5d88]
Event: 11.259 Thread 0x0000029ecf7b8e70 8107       3       sun.security.provider.HashDrbg::addBytes (130 bytes)
Event: 11.259 Thread 0x0000029ecf7b8e70 nmethod 8107 0x0000029ebc6e5e10 code [0x0000029ebc6e5fe0, 0x0000029ebc6e6388]

GC Heap History (20 events):
Event: 3.527 GC heap before
{Heap before GC invocations=5 (full 0):
 garbage-first heap   total 55296K, used 40846K [0x000000008a400000, 0x0000000100000000)
  region size 1024K, 27 young (27648K), 4 survivors (4096K)
 Metaspace       used 27838K, committed 28288K, reserved 1114112K
  class space    used 3497K, committed 3712K, reserved 1048576K
}
Event: 3.531 GC heap after
{Heap after GC invocations=6 (full 0):
 garbage-first heap   total 55296K, used 19064K [0x000000008a400000, 0x0000000100000000)
  region size 1024K, 3 young (3072K), 3 survivors (3072K)
 Metaspace       used 27838K, committed 28288K, reserved 1114112K
  class space    used 3497K, committed 3712K, reserved 1048576K
}
Event: 4.067 GC heap before
{Heap before GC invocations=6 (full 0):
 garbage-first heap   total 55296K, used 42616K [0x000000008a400000, 0x0000000100000000)
  region size 1024K, 26 young (26624K), 3 survivors (3072K)
 Metaspace       used 30849K, committed 31296K, reserved 1114112K
  class space    used 3877K, committed 4096K, reserved 1048576K
}
Event: 4.072 GC heap after
{Heap after GC invocations=7 (full 0):
 garbage-first heap   total 55296K, used 20684K [0x000000008a400000, 0x0000000100000000)
  region size 1024K, 4 young (4096K), 4 survivors (4096K)
 Metaspace       used 30849K, committed 31296K, reserved 1114112K
  class space    used 3877K, committed 4096K, reserved 1048576K
}
Event: 4.793 GC heap before
{Heap before GC invocations=7 (full 0):
 garbage-first heap   total 55296K, used 44236K [0x000000008a400000, 0x0000000100000000)
  region size 1024K, 27 young (27648K), 4 survivors (4096K)
 Metaspace       used 34921K, committed 35456K, reserved 1114112K
  class space    used 4459K, committed 4672K, reserved 1048576K
}
Event: 4.799 GC heap after
{Heap after GC invocations=8 (full 0):
 garbage-first heap   total 55296K, used 22963K [0x000000008a400000, 0x0000000100000000)
  region size 1024K, 4 young (4096K), 4 survivors (4096K)
 Metaspace       used 34921K, committed 35456K, reserved 1114112K
  class space    used 4459K, committed 4672K, reserved 1048576K
}
Event: 4.859 GC heap before
{Heap before GC invocations=8 (full 0):
 garbage-first heap   total 55296K, used 26035K [0x000000008a400000, 0x0000000100000000)
  region size 1024K, 9 young (9216K), 4 survivors (4096K)
 Metaspace       used 35469K, committed 35968K, reserved 1114112K
  class space    used 4508K, committed 4736K, reserved 1048576K
}
Event: 4.863 GC heap after
{Heap after GC invocations=9 (full 0):
 garbage-first heap   total 55296K, used 24577K [0x000000008a400000, 0x0000000100000000)
  region size 1024K, 2 young (2048K), 2 survivors (2048K)
 Metaspace       used 35469K, committed 35968K, reserved 1114112K
  class space    used 4508K, committed 4736K, reserved 1048576K
}
Event: 5.515 GC heap before
{Heap before GC invocations=10 (full 0):
 garbage-first heap   total 55296K, used 46081K [0x000000008a400000, 0x0000000100000000)
  region size 1024K, 23 young (23552K), 2 survivors (2048K)
 Metaspace       used 39459K, committed 40064K, reserved 1114112K
  class space    used 4990K, committed 5248K, reserved 1048576K
}
Event: 5.518 GC heap after
{Heap after GC invocations=11 (full 0):
 garbage-first heap   total 66560K, used 25815K [0x000000008a400000, 0x0000000100000000)
  region size 1024K, 3 young (3072K), 3 survivors (3072K)
 Metaspace       used 39459K, committed 40064K, reserved 1114112K
  class space    used 4990K, committed 5248K, reserved 1048576K
}
Event: 6.624 GC heap before
{Heap before GC invocations=11 (full 0):
 garbage-first heap   total 66560K, used 53463K [0x000000008a400000, 0x0000000100000000)
  region size 1024K, 31 young (31744K), 3 survivors (3072K)
 Metaspace       used 49123K, committed 49728K, reserved 1114112K
  class space    used 6344K, committed 6656K, reserved 1048576K
}
Event: 6.633 GC heap after
{Heap after GC invocations=12 (full 0):
 garbage-first heap   total 66560K, used 27367K [0x000000008a400000, 0x0000000100000000)
  region size 1024K, 4 young (4096K), 4 survivors (4096K)
 Metaspace       used 49123K, committed 49728K, reserved 1114112K
  class space    used 6344K, committed 6656K, reserved 1048576K
}
Event: 7.719 GC heap before
{Heap before GC invocations=12 (full 0):
 garbage-first heap   total 66560K, used 56039K [0x000000008a400000, 0x0000000100000000)
  region size 1024K, 32 young (32768K), 4 survivors (4096K)
 Metaspace       used 55748K, committed 56384K, reserved 1114112K
  class space    used 7137K, committed 7424K, reserved 1048576K
}
Event: 7.724 GC heap after
{Heap after GC invocations=13 (full 0):
 garbage-first heap   total 66560K, used 29722K [0x000000008a400000, 0x0000000100000000)
  region size 1024K, 4 young (4096K), 4 survivors (4096K)
 Metaspace       used 55748K, committed 56384K, reserved 1114112K
  class space    used 7137K, committed 7424K, reserved 1048576K
}
Event: 8.176 GC heap before
{Heap before GC invocations=13 (full 0):
 garbage-first heap   total 66560K, used 47130K [0x000000008a400000, 0x0000000100000000)
  region size 1024K, 22 young (22528K), 4 survivors (4096K)
 Metaspace       used 59856K, committed 60480K, reserved 1114112K
  class space    used 7762K, committed 8064K, reserved 1048576K
}
Event: 8.180 GC heap after
{Heap after GC invocations=14 (full 0):
 garbage-first heap   total 66560K, used 31078K [0x000000008a400000, 0x0000000100000000)
  region size 1024K, 2 young (2048K), 2 survivors (2048K)
 Metaspace       used 59856K, committed 60480K, reserved 1114112K
  class space    used 7762K, committed 8064K, reserved 1048576K
}
Event: 8.688 GC heap before
{Heap before GC invocations=15 (full 0):
 garbage-first heap   total 66560K, used 57702K [0x000000008a400000, 0x0000000100000000)
  region size 1024K, 28 young (28672K), 2 survivors (2048K)
 Metaspace       used 64005K, committed 64640K, reserved 1114112K
  class space    used 8411K, committed 8704K, reserved 1048576K
}
Event: 8.690 GC heap after
{Heap after GC invocations=16 (full 0):
 garbage-first heap   total 66560K, used 31475K [0x000000008a400000, 0x0000000100000000)
  region size 1024K, 2 young (2048K), 2 survivors (2048K)
 Metaspace       used 64005K, committed 64640K, reserved 1114112K
  class space    used 8411K, committed 8704K, reserved 1048576K
}
Event: 9.035 GC heap before
{Heap before GC invocations=16 (full 0):
 garbage-first heap   total 66560K, used 59123K [0x000000008a400000, 0x0000000100000000)
  region size 1024K, 29 young (29696K), 2 survivors (2048K)
 Metaspace       used 65837K, committed 66496K, reserved 1114112K
  class space    used 8627K, committed 8896K, reserved 1048576K
}
Event: 9.043 GC heap after
{Heap after GC invocations=17 (full 0):
 garbage-first heap   total 66560K, used 31910K [0x000000008a400000, 0x0000000100000000)
  region size 1024K, 3 young (3072K), 3 survivors (3072K)
 Metaspace       used 65837K, committed 66496K, reserved 1114112K
  class space    used 8627K, committed 8896K, reserved 1048576K
}

Dll operation events (11 events):
Event: 0.010 Loaded shared library C:\Program Files\Java\jdk-21\bin\java.dll
Event: 0.059 Loaded shared library C:\Program Files\Java\jdk-21\bin\jsvml.dll
Event: 0.186 Loaded shared library C:\Program Files\Java\jdk-21\bin\jimage.dll
Event: 0.192 Loaded shared library C:\Program Files\Java\jdk-21\bin\net.dll
Event: 0.194 Loaded shared library C:\Program Files\Java\jdk-21\bin\nio.dll
Event: 0.196 Loaded shared library C:\Program Files\Java\jdk-21\bin\zip.dll
Event: 0.281 Loaded shared library C:\Program Files\Java\jdk-21\bin\management.dll
Event: 0.292 Loaded shared library C:\Program Files\Java\jdk-21\bin\management_ext.dll
Event: 0.694 Loaded shared library C:\Program Files\Java\jdk-21\bin\extnet.dll
Event: 0.794 Loaded shared library C:\Program Files\Java\jdk-21\bin\verify.dll
Event: 2.721 Loaded shared library C:\Program Files\Java\jdk-21\bin\sunmscapi.dll

Deoptimization events (20 events):
Event: 9.205 Thread 0x0000029ed0bbbbc0 Uncommon trap: trap_request=0xffffffde fr.pc=0x0000029ec359948c relative=0x000000000000014c
Event: 9.205 Thread 0x0000029ed0bbbbc0 Uncommon trap: reason=class_check action=maybe_recompile pc=0x0000029ec359948c method=java.util.AbstractList.rangeCheckForAdd(I)V @ 6 c2
Event: 9.205 Thread 0x0000029ed0bbbbc0 DEOPT PACKING pc=0x0000029ec359948c sp=0x000000faa47fcc20
Event: 9.205 Thread 0x0000029ed0bbbbc0 DEOPT UNPACKING pc=0x0000029ec2ee46a2 sp=0x000000faa47fcb50 mode 2
Event: 9.205 Thread 0x0000029ed0bbbbc0 Uncommon trap: trap_request=0xffffffde fr.pc=0x0000029ec359948c relative=0x000000000000014c
Event: 9.205 Thread 0x0000029ed0bbbbc0 Uncommon trap: reason=class_check action=maybe_recompile pc=0x0000029ec359948c method=java.util.AbstractList.rangeCheckForAdd(I)V @ 6 c2
Event: 9.205 Thread 0x0000029ed0bbbbc0 DEOPT PACKING pc=0x0000029ec359948c sp=0x000000faa47fcc20
Event: 9.205 Thread 0x0000029ed0bbbbc0 DEOPT UNPACKING pc=0x0000029ec2ee46a2 sp=0x000000faa47fcb50 mode 2
Event: 9.206 Thread 0x0000029ed0bbbbc0 Uncommon trap: trap_request=0xffffffde fr.pc=0x0000029ec3842608 relative=0x0000000000000ba8
Event: 9.206 Thread 0x0000029ed0bbbbc0 Uncommon trap: reason=class_check action=maybe_recompile pc=0x0000029ec3842608 method=java.util.AbstractList.equals(Ljava/lang/Object;)Z @ 8 c2
Event: 9.206 Thread 0x0000029ed0bbbbc0 DEOPT PACKING pc=0x0000029ec3842608 sp=0x000000faa47fcbd0
Event: 9.206 Thread 0x0000029ed0bbbbc0 DEOPT UNPACKING pc=0x0000029ec2ee46a2 sp=0x000000faa47fcb80 mode 2
Event: 9.207 Thread 0x0000029ed0bbbbc0 Uncommon trap: trap_request=0xffffffde fr.pc=0x0000029ec3842608 relative=0x0000000000000ba8
Event: 9.207 Thread 0x0000029ed0bbbbc0 Uncommon trap: reason=class_check action=maybe_recompile pc=0x0000029ec3842608 method=java.util.AbstractList.equals(Ljava/lang/Object;)Z @ 8 c2
Event: 9.207 Thread 0x0000029ed0bbbbc0 DEOPT PACKING pc=0x0000029ec3842608 sp=0x000000faa47fceb0
Event: 9.207 Thread 0x0000029ed0bbbbc0 DEOPT UNPACKING pc=0x0000029ec2ee46a2 sp=0x000000faa47fce60 mode 2
Event: 9.294 Thread 0x0000029ed0bbbbc0 Uncommon trap: trap_request=0xffffff45 fr.pc=0x0000029ec38959a4 relative=0x0000000000000224
Event: 9.294 Thread 0x0000029ed0bbbbc0 Uncommon trap: reason=unstable_if action=reinterpret pc=0x0000029ec38959a4 method=org.jboss.logging.Slf4jLocationAwareLogger.isEnabled(Lorg/jboss/logging/Logger$Level;)Z @ 12 c2
Event: 9.294 Thread 0x0000029ed0bbbbc0 DEOPT PACKING pc=0x0000029ec38959a4 sp=0x000000faa47fddf0
Event: 9.294 Thread 0x0000029ed0bbbbc0 DEOPT UNPACKING pc=0x0000029ec2ee46a2 sp=0x000000faa47fdd90 mode 2

Classes loaded (20 events):
Event: 8.355 Loading class java/util/ArrayList$ListItr
Event: 8.356 Loading class java/util/ArrayList$ListItr done
Event: 8.389 Loading class java/util/AbstractList$SubList
Event: 8.390 Loading class java/util/AbstractList$SubList done
Event: 8.489 Loading class java/lang/foreign/ValueLayout
Event: 8.489 Loading class java/lang/foreign/MemoryLayout
Event: 8.490 Loading class java/lang/foreign/MemoryLayout done
Event: 8.490 Loading class java/lang/foreign/ValueLayout done
Event: 9.343 Loading class java/util/LinkedList$LLSpliterator
Event: 9.343 Loading class java/util/LinkedList$LLSpliterator done
Event: 9.343 Loading class java/util/stream/ReferencePipeline$4
Event: 9.343 Loading class java/util/stream/ReferencePipeline$4 done
Event: 9.344 Loading class java/util/stream/Nodes$IntFixedNodeBuilder
Event: 9.344 Loading class java/util/stream/Node$Builder$OfInt
Event: 9.344 Loading class java/util/stream/Node$Builder$OfInt done
Event: 9.344 Loading class java/util/stream/Nodes$IntArrayNode
Event: 9.345 Loading class java/util/stream/Nodes$IntArrayNode done
Event: 9.345 Loading class java/util/stream/Nodes$IntFixedNodeBuilder done
Event: 9.345 Loading class java/util/stream/ReferencePipeline$4$1
Event: 9.345 Loading class java/util/stream/ReferencePipeline$4$1 done

Classes unloaded (0 events):
No events

Classes redefined (0 events):
No events

Internal exceptions (20 events):
Event: 8.979 Thread 0x0000029ed0bbbbc0 Exception <a 'java/lang/NoSuchMethodError'{0x000000008ca535a0}: 'java.lang.Object java.lang.invoke.DirectMethodHandle$Holder.newInvokeSpecial(java.lang.Object, java.lang.Object, int)'> (0x000000008ca535a0) 
thrown [s\open\src\hotspot\share\interpreter\linkResolver.cpp, line 773]
Event: 9.061 Thread 0x0000029ed0bbbbc0 Exception <a 'java/lang/NoSuchMethodError'{0x00000000919c9570}: 'java.lang.Object java.lang.invoke.DirectMethodHandle$Holder.newInvokeSpecial(java.lang.Object, java.lang.Object, java.lang.Object, java.lang.Object, java.lang.Object, int, java.lang.Object)'> (0x00000000919c9570) 
thrown [s\open\src\hotspot\share\interpreter\linkResolver.cpp, line 773]
Event: 9.064 Thread 0x0000029ed0bbbbc0 Exception <a 'java/lang/NoSuchMethodError'{0x00000000919fb180}: 'java.lang.Object java.lang.invoke.Invokers$Holder.linkToTargetMethod(java.lang.Object, java.lang.Object, java.lang.Object, java.lang.Object, java.lang.Object, java.lang.Object, java.lang.Object, java.lang.Object, java.lang.Object, java.lang.Object, java.lang.Object, java.lang.Object)'> (0x00000000919fb180) 
thrown [s\open\src\hotspot\share\interpreter\linkResolver.cpp, line 773]
Event: 9.154 Thread 0x0000029ed0bbbbc0 Exception <a 'java/lang/IncompatibleClassChangeError'{0x000000008f339018}: Found class java.lang.Object, but interface was expected> (0x000000008f339018) 
thrown [s\open\src\hotspot\share\interpreter\linkResolver.cpp, line 840]
Event: 9.167 Thread 0x0000029ed0bbbbc0 Exception <a 'java/lang/NoSuchMethodError'{0x000000008f3d4200}: 'java.lang.Object java.lang.invoke.DirectMethodHandle$Holder.newInvokeSpecial(java.lang.Object, java.lang.Object, int, java.lang.Object, int, java.lang.Object, java.lang.Object)'> (0x000000008f3d4200) 
thrown [s\open\src\hotspot\share\interpreter\linkResolver.cpp, line 773]
Event: 9.180 Thread 0x0000029ed0bbbbc0 Exception <a 'java/lang/NoSuchMethodError'{0x000000008f290ff8}: 'java.lang.Object java.lang.invoke.DirectMethodHandle$Holder.newInvokeSpecial(java.lang.Object, java.lang.Object, java.lang.Object, java.lang.Object, java.lang.Object, java.lang.Object, java.lang.Object, int)'> (0x000000008f290ff8) 
thrown [s\open\src\hotspot\share\interpreter\linkResolver.cpp, line 773]
Event: 9.181 Thread 0x0000029ed0bbbbc0 Exception <a 'java/lang/NoSuchMethodError'{0x000000008f295510}: 'java.lang.Object java.lang.invoke.DirectMethodHandle$Holder.invokeSpecial(java.lang.Object, java.lang.Object, java.lang.Object, java.lang.Object, java.lang.Object, java.lang.Object, java.lang.Object, java.lang.Object, int)'> (0x000000008f295510) 
thrown [s\open\src\hotspot\share\interpreter\linkResolver.cpp, line 773]
Event: 9.181 Thread 0x0000029ed0bbbbc0 Exception <a 'java/lang/NoSuchMethodError'{0x000000008f2994e0}: 'java.lang.Object java.lang.invoke.Invokers$Holder.linkToTargetMethod(java.lang.Object, java.lang.Object, java.lang.Object, java.lang.Object, java.lang.Object, java.lang.Object, int, java.lang.Object)'> (0x000000008f2994e0) 
thrown [s\open\src\hotspot\share\interpreter\linkResolver.cpp, line 773]
Event: 9.297 Thread 0x0000029f182c0490 Exception <a 'java/io/FileNotFoundException'{0x000000008dc03790}> (0x000000008dc03790) 
thrown [s\open\src\hotspot\share\prims\jni.cpp, line 520]
Event: 9.297 Thread 0x0000029f182c0490 Exception <a 'java/io/FileNotFoundException'{0x000000008dc04a20}> (0x000000008dc04a20) 
thrown [s\open\src\hotspot\share\prims\jni.cpp, line 520]
Event: 9.352 Thread 0x0000029f182c0490 Exception <a 'java/io/FileNotFoundException'{0x000000008d903df8}> (0x000000008d903df8) 
thrown [s\open\src\hotspot\share\prims\jni.cpp, line 520]
Event: 9.352 Thread 0x0000029f182c0490 Exception <a 'java/io/FileNotFoundException'{0x000000008d905088}> (0x000000008d905088) 
thrown [s\open\src\hotspot\share\prims\jni.cpp, line 520]
Event: 9.403 Thread 0x0000029f182c0490 Exception <a 'java/io/FileNotFoundException'{0x000000008d83aa28}> (0x000000008d83aa28) 
thrown [s\open\src\hotspot\share\prims\jni.cpp, line 520]
Event: 9.403 Thread 0x0000029f182c0490 Exception <a 'java/io/FileNotFoundException'{0x000000008d83bcb8}> (0x000000008d83bcb8) 
thrown [s\open\src\hotspot\share\prims\jni.cpp, line 520]
Event: 9.449 Thread 0x0000029f182c0490 Exception <a 'java/io/FileNotFoundException'{0x000000008d70bc38}> (0x000000008d70bc38) 
thrown [s\open\src\hotspot\share\prims\jni.cpp, line 520]
Event: 9.449 Thread 0x0000029f182c0490 Exception <a 'java/io/FileNotFoundException'{0x000000008d70cec8}> (0x000000008d70cec8) 
thrown [s\open\src\hotspot\share\prims\jni.cpp, line 520]
Event: 11.212 Thread 0x0000029f182c0490 Exception <a 'java/io/FileNotFoundException'{0x000000008d7d51c0}> (0x000000008d7d51c0) 
thrown [s\open\src\hotspot\share\prims\jni.cpp, line 520]
Event: 11.212 Thread 0x0000029f182c0490 Exception <a 'java/io/FileNotFoundException'{0x000000008d7d6450}> (0x000000008d7d6450) 
thrown [s\open\src\hotspot\share\prims\jni.cpp, line 520]
Event: 11.260 Thread 0x0000029f182c0490 Exception <a 'java/io/FileNotFoundException'{0x000000008d61e9b8}> (0x000000008d61e9b8) 
thrown [s\open\src\hotspot\share\prims\jni.cpp, line 520]
Event: 11.260 Thread 0x0000029f182c0490 Exception <a 'java/io/FileNotFoundException'{0x000000008d61fc48}> (0x000000008d61fc48) 
thrown [s\open\src\hotspot\share\prims\jni.cpp, line 520]

ZGC Phase Switch (0 events):
No events

VM Operations (20 events):
Event: 8.688 Executing VM operation: G1CollectForAllocation (G1 Evacuation Pause)
Event: 8.690 Executing VM operation: G1CollectForAllocation (G1 Evacuation Pause) done
Event: 8.785 Executing VM operation: ICBufferFull
Event: 8.785 Executing VM operation: ICBufferFull done
Event: 8.885 Executing VM operation: ICBufferFull
Event: 8.885 Executing VM operation: ICBufferFull done
Event: 8.928 Executing VM operation: HandshakeAllThreads (Deoptimize)
Event: 8.928 Executing VM operation: HandshakeAllThreads (Deoptimize) done
Event: 9.035 Executing VM operation: G1CollectForAllocation (G1 Evacuation Pause)
Event: 9.043 Executing VM operation: G1CollectForAllocation (G1 Evacuation Pause) done
Event: 9.165 Executing VM operation: HandshakeAllThreads (Deoptimize)
Event: 9.165 Executing VM operation: HandshakeAllThreads (Deoptimize) done
Event: 9.190 Executing VM operation: HandshakeAllThreads (Deoptimize)
Event: 9.190 Executing VM operation: HandshakeAllThreads (Deoptimize) done
Event: 9.323 Executing VM operation: HandshakeAllThreads (Deoptimize)
Event: 9.323 Executing VM operation: HandshakeAllThreads (Deoptimize) done
Event: 10.330 Executing VM operation: Cleanup
Event: 10.330 Executing VM operation: Cleanup done
Event: 11.341 Executing VM operation: Cleanup
Event: 11.341 Executing VM operation: Cleanup done

Events (20 events):
Event: 8.201 Thread 0x0000029ecf77ee40 flushing nmethod 0x0000029ec35a1290
Event: 8.201 Thread 0x0000029ecf77ee40 flushing nmethod 0x0000029ec358d390
Event: 8.201 Thread 0x0000029ecf77ee40 flushing nmethod 0x0000029ec351d090
Event: 8.201 Thread 0x0000029ecf77ee40 flushing nmethod 0x0000029ec355b510
Event: 8.201 Thread 0x0000029ecf77ee40 flushing nmethod 0x0000029ec3553b10
Event: 8.201 Thread 0x0000029ecf77ee40 flushing nmethod 0x0000029ec34af210
Event: 8.201 Thread 0x0000029ecf77ee40 flushing nmethod 0x0000029ec3534a90
Event: 8.201 Thread 0x0000029ecf77ee40 flushing nmethod 0x0000029ec3530e90
Event: 8.201 Thread 0x0000029ecf77ee40 flushing nmethod 0x0000029ec351f890
Event: 8.201 Thread 0x0000029ecf77ee40 flushing nmethod 0x0000029ec34d4f10
Event: 8.201 Thread 0x0000029ecf77ee40 flushing nmethod 0x0000029ec34cf490
Event: 8.201 Thread 0x0000029ecf77ee40 flushing nmethod 0x0000029ec3499a10
Event: 8.201 Thread 0x0000029ecf77ee40 flushing nmethod 0x0000029ec348bb90
Event: 8.201 Thread 0x0000029ecf77ee40 flushing nmethod 0x0000029ec3440690
Event: 8.225 Thread 0x0000029f1770f950 Thread exited: 0x0000029f1770f950
Event: 8.336 Thread 0x0000029f17711490 Thread exited: 0x0000029f17711490
Event: 8.532 Thread 0x0000029f17711b60 Thread added: 0x0000029f17711b60
Event: 8.596 Thread 0x0000029f177106f0 Thread added: 0x0000029f177106f0
Event: 9.043 Thread 0x0000029f177106f0 Thread exited: 0x0000029f177106f0
Event: 9.043 Thread 0x0000029f17711b60 Thread exited: 0x0000029f17711b60


Dynamic libraries:
0x00007ff70a000000 - 0x00007ff70a010000 	C:\Program Files\Java\jdk-21\bin\java.exe
0x00007ffec3700000 - 0x00007ffec3960000 	C:\WINDOWS\SYSTEM32\ntdll.dll
0x00007ffec2830000 - 0x00007ffec28f7000 	C:\WINDOWS\System32\KERNEL32.DLL
0x00007ffec0dd0000 - 0x00007ffec119a000 	C:\WINDOWS\System32\KERNELBASE.dll
0x00007ffec0bc0000 - 0x00007ffec0d0b000 	C:\WINDOWS\System32\ucrtbase.dll
0x00007ffe912e0000 - 0x00007ffe912f9000 	C:\Program Files\Java\jdk-21\bin\jli.dll
0x00007ffeb9d90000 - 0x00007ffeb9dab000 	C:\Program Files\Java\jdk-21\bin\VCRUNTIME140.dll
0x00007ffec1e60000 - 0x00007ffec1f12000 	C:\WINDOWS\System32\ADVAPI32.dll
0x00007ffec2ad0000 - 0x00007ffec2b79000 	C:\WINDOWS\System32\msvcrt.dll
0x00007ffec2900000 - 0x00007ffec29a6000 	C:\WINDOWS\System32\sechost.dll
0x00007ffec29b0000 - 0x00007ffec2ac6000 	C:\WINDOWS\System32\RPCRT4.dll
0x00007ffec3390000 - 0x00007ffec355c000 	C:\WINDOWS\System32\USER32.dll
0x00007ffec0b90000 - 0x00007ffec0bb7000 	C:\WINDOWS\System32\win32u.dll
0x00007ffe91d40000 - 0x00007ffe91fd7000 	C:\WINDOWS\WinSxS\amd64_microsoft.windows.common-controls_6595b64144ccf1df_6.0.26100.3624_none_3e086962e3345f24\COMCTL32.dll
0x00007ffec1560000 - 0x00007ffec158a000 	C:\WINDOWS\System32\GDI32.dll
0x00007ffec0a50000 - 0x00007ffec0b81000 	C:\WINDOWS\System32\gdi32full.dll
0x00007ffec1240000 - 0x00007ffec12e3000 	C:\WINDOWS\System32\msvcp_win.dll
0x00007ffeb7a70000 - 0x00007ffeb7a7b000 	C:\WINDOWS\SYSTEM32\VERSION.dll
0x00007ffec3320000 - 0x00007ffec334f000 	C:\WINDOWS\System32\IMM32.DLL
0x00007ffe963c0000 - 0x00007ffe963cc000 	C:\Program Files\Java\jdk-21\bin\vcruntime140_1.dll
0x00007ffe6d550000 - 0x00007ffe6d5de000 	C:\Program Files\Java\jdk-21\bin\msvcp140.dll
0x00007ffdf75c0000 - 0x00007ffdf82cd000 	C:\Program Files\Java\jdk-21\bin\server\jvm.dll
0x00007ffec21d0000 - 0x00007ffec2244000 	C:\WINDOWS\System32\WS2_32.dll
0x00007ffec0730000 - 0x00007ffec078e000 	C:\WINDOWS\SYSTEM32\POWRPROF.dll
0x00007ffeb7a30000 - 0x00007ffeb7a66000 	C:\WINDOWS\SYSTEM32\WINMM.dll
0x00007ffec0710000 - 0x00007ffec0724000 	C:\WINDOWS\SYSTEM32\UMPDC.dll
0x00007ffebf6f0000 - 0x00007ffebf70a000 	C:\WINDOWS\SYSTEM32\kernel.appcore.dll
0x00007ffe912d0000 - 0x00007ffe912da000 	C:\Program Files\Java\jdk-21\bin\jimage.dll
0x00007ffeb2a80000 - 0x00007ffeb2cc1000 	C:\WINDOWS\SYSTEM32\DBGHELP.DLL
0x00007ffec2390000 - 0x00007ffec2712000 	C:\WINDOWS\System32\combase.dll
0x00007ffec1d00000 - 0x00007ffec1dd6000 	C:\WINDOWS\System32\OLEAUT32.dll
0x00007ffea9050000 - 0x00007ffea9089000 	C:\WINDOWS\SYSTEM32\dbgcore.DLL
0x00007ffec11a0000 - 0x00007ffec1239000 	C:\WINDOWS\System32\bcryptPrimitives.dll
0x00007ffe88380000 - 0x00007ffe8839f000 	C:\Program Files\Java\jdk-21\bin\java.dll
0x00007ffec1590000 - 0x00007ffec1cb9000 	C:\WINDOWS\System32\SHELL32.dll
0x00007ffec08e0000 - 0x00007ffec0a48000 	C:\WINDOWS\System32\wintypes.dll
0x00007ffebe570000 - 0x00007ffebedc2000 	C:\WINDOWS\SYSTEM32\windows.storage.dll
0x00007ffec2250000 - 0x00007ffec233d000 	C:\WINDOWS\System32\SHCORE.dll
0x00007ffec1fc0000 - 0x00007ffec2024000 	C:\WINDOWS\System32\shlwapi.dll
0x00007ffec07f0000 - 0x00007ffec081f000 	C:\WINDOWS\SYSTEM32\profapi.dll
0x00007ffe69810000 - 0x00007ffe698e7000 	C:\Program Files\Java\jdk-21\bin\jsvml.dll
0x00007ffe88370000 - 0x00007ffe88380000 	C:\Program Files\Java\jdk-21\bin\net.dll
0x00007ffeb92c0000 - 0x00007ffeb93dd000 	C:\WINDOWS\SYSTEM32\WINHTTP.dll
0x00007ffebfc10000 - 0x00007ffebfc7a000 	C:\WINDOWS\system32\mswsock.dll
0x00007ffe88350000 - 0x00007ffe88366000 	C:\Program Files\Java\jdk-21\bin\nio.dll
0x00007ffe87c30000 - 0x00007ffe87c48000 	C:\Program Files\Java\jdk-21\bin\zip.dll
0x00007ffe88340000 - 0x00007ffe8834a000 	C:\Program Files\Java\jdk-21\bin\management.dll
0x00007ffe85330000 - 0x00007ffe8533b000 	C:\Program Files\Java\jdk-21\bin\management_ext.dll
0x00007ffec3360000 - 0x00007ffec3368000 	C:\WINDOWS\System32\PSAPI.DLL
0x00007ffe87aa0000 - 0x00007ffe87ab8000 	C:\WINDOWS\system32\napinsp.dll
0x00007ffebf160000 - 0x00007ffebf285000 	C:\WINDOWS\SYSTEM32\DNSAPI.dll
0x00007ffebf0d0000 - 0x00007ffebf103000 	C:\WINDOWS\SYSTEM32\IPHLPAPI.DLL
0x00007ffec1fb0000 - 0x00007ffec1fba000 	C:\WINDOWS\System32\NSI.dll
0x00007ffe87ac0000 - 0x00007ffe87ad2000 	C:\WINDOWS\System32\winrnr.dll
0x00007ffe87b80000 - 0x00007ffe87bb0000 	C:\WINDOWS\system32\nlansp_c.dll
0x00007ffeb8530000 - 0x00007ffeb8546000 	C:\WINDOWS\system32\wshbth.dll
0x00007ffeb9650000 - 0x00007ffeb965b000 	C:\Windows\System32\rasadhlp.dll
0x00007ffeb79a0000 - 0x00007ffeb7a25000 	C:\WINDOWS\System32\fwpuclnt.dll
0x00007ffebfec0000 - 0x00007ffebfedc000 	C:\WINDOWS\SYSTEM32\CRYPTSP.dll
0x00007ffebf650000 - 0x00007ffebf68a000 	C:\WINDOWS\system32\rsaenh.dll
0x00007ffebfcb0000 - 0x00007ffebfcdb000 	C:\WINDOWS\SYSTEM32\USERENV.dll
0x00007ffec07c0000 - 0x00007ffec07e6000 	C:\WINDOWS\SYSTEM32\bcrypt.dll
0x00007ffebfeb0000 - 0x00007ffebfebc000 	C:\WINDOWS\SYSTEM32\CRYPTBASE.dll
0x00007ffe80e30000 - 0x00007ffe80e39000 	C:\Program Files\Java\jdk-21\bin\extnet.dll
0x00007ffe7bbe0000 - 0x00007ffe7bbf0000 	C:\Program Files\Java\jdk-21\bin\verify.dll
0x00007ffe6d460000 - 0x00007ffe6d46e000 	C:\Program Files\Java\jdk-21\bin\sunmscapi.dll
0x00007ffec12f0000 - 0x00007ffec1467000 	C:\WINDOWS\System32\CRYPT32.dll
0x00007ffec00b0000 - 0x00007ffec00e0000 	C:\WINDOWS\SYSTEM32\ncrypt.dll
0x00007ffec0060000 - 0x00007ffec009f000 	C:\WINDOWS\SYSTEM32\NTASN1.dll

dbghelp: loaded successfully - version: 4.0.5 - missing functions: none
symbol engine: initialized successfully - sym options: 0x614 - pdb path: .;C:\Program Files\Java\jdk-21\bin;C:\WINDOWS\SYSTEM32;C:\WINDOWS\WinSxS\amd64_microsoft.windows.common-controls_6595b64144ccf1df_6.0.26100.3624_none_3e086962e3345f24;C:\Program Files\Java\jdk-21\bin\server

VM Arguments:
jvm_args: -Dcom.sun.management.jmxremote -Dcom.sun.management.jmxremote.port=52015 -Dcom.sun.management.jmxremote.authenticate=false -Dcom.sun.management.jmxremote.ssl=false -Dspring.jmx.enabled=true -Djava.rmi.server.hostname=localhost -Dspring.application.admin.enabled=true -Dspring.boot.project.name=duantn -XX:+ShowCodeDetailsInExceptionMessages 
java_command: com.duantn.DuantnApplication
java_class_path (initial): D:\JAVA\JAVA6\ASMJAVA6\duantn\target\classes;C:\Users\admin\.m2\repository\org\springframework\boot\spring-boot-starter-web\3.5.3\spring-boot-starter-web-3.5.3.jar;C:\Users\admin\.m2\repository\org\springframework\boot\spring-boot-starter\3.5.3\spring-boot-starter-3.5.3.jar;C:\Users\admin\.m2\repository\org\springframework\boot\spring-boot-starter-logging\3.5.3\spring-boot-starter-logging-3.5.3.jar;C:\Users\admin\.m2\repository\ch\qos\logback\logback-classic\1.5.18\logback-classic-1.5.18.jar;C:\Users\admin\.m2\repository\ch\qos\logback\logback-core\1.5.18\logback-core-1.5.18.jar;C:\Users\admin\.m2\repository\org\apache\logging\log4j\log4j-to-slf4j\2.24.3\log4j-to-slf4j-2.24.3.jar;C:\Users\admin\.m2\repository\org\apache\logging\log4j\log4j-api\2.24.3\log4j-api-2.24.3.jar;C:\Users\admin\.m2\repository\org\slf4j\jul-to-slf4j\2.0.17\jul-to-slf4j-2.0.17.jar;C:\Users\admin\.m2\repository\jakarta\annotation\jakarta.annotation-api\2.1.1\jakarta.annotation-api-2.1.1.jar;C:\Users\admin\.m2\repository\org\yaml\snakeyaml\2.4\snakeyaml-2.4.jar;C:\Users\admin\.m2\repository\org\springframework\boot\spring-boot-starter-json\3.5.3\spring-boot-starter-json-3.5.3.jar;C:\Users\admin\.m2\repository\com\fasterxml\jackson\core\jackson-databind\2.19.1\jackson-databind-2.19.1.jar;C:\Users\admin\.m2\repository\com\fasterxml\jackson\core\jackson-annotations\2.19.1\jackson-annotations-2.19.1.jar;C:\Users\admin\.m2\repository\com\fasterxml\jackson\core\jackson-core\2.19.1\jackson-core-2.19.1.jar;C:\Users\admin\.m2\repository\com\fasterxml\jackson\datatype\jackson-datatype-jdk8\2.19.1\jackson-datatype-jdk8-2.19.1.jar;C:\Users\admin\.m2\repository\com\fasterxml\jackson\datatype\jackson-datatype-jsr310\2.19.1\jackson-datatype-jsr310-2.19.1.jar;C:\Users\admin\.m2\repository\com\fasterxml\jackson\module\jackson-module-parameter-names\2.19.1\jackson-module-parameter-names-2.19.1.jar;C:\Users\admin\.m2\repository\org\springframework\boot\spring-boot-starter-tomcat\3.5.3\spring-boot-starter-tomcat-3.5.3.jar;C:\Users\admin\.m2\repository\org\apache\tomcat\embed\tomcat-embed-core\10.1.42\tomcat-embed-core-10.1.42.jar;C:\Users\admin\.m2\repository\org\apache\tomcat\embed\tomcat-embed-websocket\10.1.42\tomcat-embed-websocket-10.1.42.jar;C:\Users\admin\.m2\repository\org\springframework\spring-web\6.2.8\spring-web-6.2.8.jar;C:\Users\admin\.m2\repository\org\springframework\spring-beans\6.2.8\spring-beans-6.2.8.jar;C:\Users\admin\.m2\repository\io\micrometer\micrometer-observation\1.15.1\micrometer-observation-1.15.1.jar;C:\Users\admin\.m2\repository\io\micrometer\micrometer-commons\1.15.1\micrometer-commons-1.15.1.jar;C:\Users\admin\.m2\repository\org\springframework\spring-webmvc\6.2.8\spring-webmvc-6.2.8.jar;C:\Users\admin\.m2\repository\org\springframework\spring-context\6.2.8\spring-context-6.2.8.jar;C:\Users\admin\.m2\repository\org\springframework\spring-expression\6.2.8\spring-expression-6.2.8.jar;C:\Users\admin\.m2\repository\org\springframework\boot\spring-boot-starter-data-jpa\3.5.3\spring-boot-starter-data-jpa-3.5.3.jar;C:\Users\admin\.m2\repository\org\springframework\boot\spring-boot-starter-jdbc\3.5.3\spring-boot-starter-jdbc-3.5.3.jar;C:\Users\admin\.m2\repository\com\zaxxer\HikariCP\6.3.0\HikariCP-6.3.0.jar;C:\Users\admin\.m2\repository\org\springframework\spring-jdbc\6.2.8\spring-jdbc-6.2.8.jar;C:\Users\admin\.m2\repository\org\hibernate\orm\hibernate-core\6.6.18.Final\hibernate-core-6.6.18.Final.jar;C:\Users\admin\.m2\repository\jakarta\persistence\jakarta.persistence-api\3.1.0\jakarta.persistence-api-3.1.0.jar;C:\Users\admin\.m2\repository\jakarta\transaction\jakarta.transaction-api\2.0.1\jakarta.transaction-api-2.0.1.jar;C:\Users\admin\.m2\repository\org\jboss\logging\jboss-logging\3.6.1.Final\jboss-logging-3.6.1.Final.jar;C:\Users\admin\.m2\repository\org\hibernate\common\hibernate-commons-annotations\7.0.3.Final\hibernate-commons-annotations-7.0.3.Final.jar;C:\Users\admin\.m2\repository\io\smallrye\jandex\3.2.0\jandex-3.2.0.jar;C:\Users\admin\.m2\repository\com\fasterxml\classmate\1.7.0\classmate-1.7.0.jar;C:\Users\admin\.m2\repository\net\bytebuddy\byte-buddy\1.17.6\byte-buddy-1.17.6.jar;C:\Users\admin\.m2\repository\org\glassfish\jaxb\jaxb-runtime\4.0.5\jaxb-runtime-4.0.5.jar;C:\Users\admin\.m2\repository\org\glassfish\jaxb\jaxb-core\4.0.5\jaxb-core-4.0.5.jar;C:\Users\admin\.m2\repository\org\glassfish\jaxb\txw2\4.0.5\txw2-4.0.5.jar;C:\Users\admin\.m2\repository\com\sun\istack\istack-commons-runtime\4.1.2\istack-commons-runtime-4.1.2.jar;C:\Users\admin\.m2\repository\jakarta\inject\jakarta.inject-api\2.0.1\jakarta.inject-api-2.0.1.jar;C:\Users\admin\.m2\repository\org\antlr\antlr4-runtime\4.13.0\antlr4-runtime-4.13.0.jar;C:\Users\admin\.m2\repository\org\springframework\data\spring-data-jpa\3.5.1\spring-data-jpa-3.5.1.jar;C:\Users\admin\.m2\repository\org\springframework\data\spring-data-commons\3.5.1\spring-data-commons-3.5.1.jar;C:\Users\admin\.m2\repository\org\springframework\spring-orm\6.2.8\spring-orm-6.2.8.jar;C:\Users\admin\.m2\repository\org\springframework\spring-tx\6.2.8\spring-tx-6.2.8.jar;C:\Users\admin\.m2\repository\org\springframework\spring-aspects\6.2.8\spring-aspects-6.2.8.jar;C:\Users\admin\.m2\repository\org\aspectj\aspectjweaver\1.9.24\aspectjweaver-1.9.24.jar;C:\Users\admin\.m2\repository\com\microsoft\sqlserver\mssql-jdbc\12.10.0.jre11\mssql-jdbc-12.10.0.jre11.jar;C:\Users\admin\.m2\repository\org\springframework\boot\spring-boot-starter-thymeleaf\3.5.3\spring-boot-starter-thymeleaf-3.5.3.jar;C:\Users\admin\.m2\repository\org\thymeleaf\thymeleaf-spring6\3.1.3.RELEASE\thymeleaf-spring6-3.1.3.RELEASE.jar;C:\Users\admin\.m2\repository\org\thymeleaf\thymeleaf\3.1.3.RELEASE\thymeleaf-3.1.3.RELEASE.jar;C:\Users\admin\.m2\repository\org\attoparser\attoparser\2.0.7.RELEASE\attoparser-2.0.7.RELEASE.jar;C:\Users\admin\.m2\repository\org\unbescape\unbescape\1.1.6.RELEASE\unbescape-1.1.6.RELEASE.jar;C:\Users\admin\.m2\repository\org\projectlombok\lombok\1.18.38\lombok-1.18.38.jar;C:\Users\admin\.m2\repository\org\springframework\boot\spring-boot-devtools\3.5.3\spring-boot-devtools-3.5.3.jar;C:\Users\admin\.m2\repository\org\springframework\boot\spring-boot\3.5.3\spring-boot-3.5.3.jar;C:\Users\admin\.m2\repository\org\springframework\boot\spring-boot-autoconfigure\3.5.3\spring-boot-autoconfigure-3.5.3.jar;C:\Users\admin\.m2\repository\org\springframework\boot\spring-boot-starter-validation\3.5.3\spring-boot-starter-validation-3.5.3.jar;C:\Users\admin\.m2\repository\org\apache\tomcat\embed\tomcat-embed-el\10.1.42\tomcat-embed-el-10.1.42.jar;C:\Users\admin\.m2\repository\org\hibernate\validator\hibernate-validator\8.0.2.Final\hibernate-validator-8.0.2.Final.jar;C:\Users\admin\.m2\repository\jakarta\validation\jakarta.validation-api\3.0.2\jakarta.validation-api-3.0.2.jar;C:\Users\admin\.m2\repository\com\cloudinary\cloudinary-http44\1.33.0\cloudinary-http44-1.33.0.jar;C:\Users\admin\.m2\repository\com\cloudinary\cloudinary-core\1.33.0\cloudinary-core-1.33.0.jar;C:\Users\admin\.m2\repository\org\apache\commons\commons-lang3\3.17.0\commons-lang3-3.17.0.jar;C:\Users\admin\.m2\repository\org\apache\httpcomponents\httpclient\4.4\httpclient-4.4.jar;C:\Users\admin\.m2\repository\org\apache\httpcomponents\httpcore\4.4.16\httpcore-4.4.16.jar;C:\Users\admin\.m2\repository\commons-logging\commons-logging\1.2\commons-logging-1.2.jar;C:\Users\admin\.m2\repository\commons-codec\commons-codec\1.18.0\commons-codec-1.18.0.jar;C:\Users\admin\.m2\repository\org\apache\httpcomponents\httpmime\4.4\httpmime-4.4.jar;C:\Users\admin\.m2\repository\org\springframework\boot\spring-boot-starter-mail\3.5.3\spring-boot-starter-mail-3.5.3.jar;C:\Users\admin\.m2\repository\org\springframework\spring-context-support\6.2.8\spring-context-support-6.2.8.jar;C:\Users\admin\.m2\repository\org\eclipse\angus\jakarta.mail\2.0.3\jakarta.mail-2.0.3.jar;C:\Users\admin\.m2\repository\jakarta\activation\jakarta.activation-api\2.1.3\jakarta.activation-api-2.1.3.jar;C:\Users\admin\.m2\repository\org\eclipse\angus\angus-activation\2.0.2\angus-activation-2.0.2.jar;C:\Users\admin\.m2\repository\org\springframework\boot\spring-boot-starter-security\3.5.3\spring-boot-starter-security-3.5.3.jar;C:\Users\admin\.m2\repository\org\springframework\spring-aop\6.2.8\spring-aop-6.2.8.jar;C:\Users\admin\.m2\repository\org\springframework\security\spring-security-config\6.5.1\spring-security-config-6.5.1.jar;C:\Users\admin\.m2\repository\org\springframework\security\spring-security-core\6.5.1\spring-security-core-6.5.1.jar;C:\Users\admin\.m2\repository\org\springframework\security\spring-security-crypto\6.5.1\spring-security-crypto-6.5.1.jar;C:\Users\admin\.m2\repository\org\springframework\security\spring-security-web\6.5.1\spring-security-web-6.5.1.jar;C:\Users\admin\.m2\repository\org\thymeleaf\extras\thymeleaf-extras-springsecurity6\3.1.3.RELEASE\thymeleaf-extras-springsecurity6-3.1.3.RELEASE.jar;C:\Users\admin\.m2\repository\org\slf4j\slf4j-api\2.0.17\slf4j-api-2.0.17.jar;C:\Users\admin\.m2\repository\jakarta\xml\bind\jakarta.xml.bind-api\4.0.2\jakarta.xml.bind-api-4.0.2.jar;C:\Users\admin\.m2\repository\org\springframework\spring-core\6.2.8\spring-core-6.2.8.jar;C:\Users\admin\.m2\repository\org\springframework\spring-jcl\6.2.8\spring-jcl-6.2.8.jar
Launcher Type: SUN_STANDARD

[Global flags]
     intx CICompilerCount                          = 4                                         {product} {ergonomic}
     uint ConcGCThreads                            = 3                                         {product} {ergonomic}
     uint G1ConcRefinementThreads                  = 10                                        {product} {ergonomic}
   size_t G1HeapRegionSize                         = 1048576                                   {product} {ergonomic}
    uintx GCDrainStackTargetSize                   = 64                                        {product} {ergonomic}
   size_t InitialHeapSize                          = 123731968                                 {product} {ergonomic}
     bool ManagementServer                         = true                                      {product} {command line}
   size_t MarkStackSize                            = 4194304                                   {product} {ergonomic}
   size_t MaxHeapSize                              = 1975517184                                {product} {ergonomic}
   size_t MaxNewSize                               = 1184890880                                {product} {ergonomic}
   size_t MinHeapDeltaBytes                        = 1048576                                   {product} {ergonomic}
   size_t MinHeapSize                              = 8388608                                   {product} {ergonomic}
    uintx NonNMethodCodeHeapSize                   = 5839372                                {pd product} {ergonomic}
    uintx NonProfiledCodeHeapSize                  = 122909434                              {pd product} {ergonomic}
    uintx ProfiledCodeHeapSize                     = 122909434                              {pd product} {ergonomic}
    uintx ReservedCodeCacheSize                    = 251658240                              {pd product} {ergonomic}
     bool SegmentedCodeCache                       = true                                      {product} {ergonomic}
     bool ShowCodeDetailsInExceptionMessages       = true                                   {manageable} {command line}
   size_t SoftMaxHeapSize                          = 1975517184                             {manageable} {ergonomic}
     bool UseCompressedOops                        = true                           {product lp64_product} {ergonomic}
     bool UseG1GC                                  = true                                      {product} {ergonomic}
     bool UseLargePagesIndividualAllocation        = false                                  {pd product} {ergonomic}

Logging:
Log output configuration:
 #0: stdout all=warning uptime,level,tags foldmultilines=false
 #1: stderr all=off uptime,level,tags foldmultilines=false

Environment Variables:
PATH=C:\Program Files\Common Files\Oracle\Java\javapath;C:\WINDOWS\system32;C:\WINDOWS;C:\WINDOWS\System32\Wbem;C:\WINDOWS\System32\WindowsPowerShell\v1.0\;C:\WINDOWS\System32\OpenSSH\;C:\Program Files (x86)\Microsoft SQL Server\160\Tools\Binn\;C:\Program Files\Microsoft SQL Server\160\Tools\Binn\;C:\Program Files\Microsoft SQL Server\Client SDK\ODBC\170\Tools\Binn\;C:\Program Files\Microsoft SQL Server\160\DTS\Binn\;C:\Program Files (x86)\Microsoft SQL Server\160\DTS\Binn\;C:\Program Files\Azure Data Studio\bin;C:\Program Files\nodejs\;C:\Program Files\Git\cmd;C:\Program Files\Docker\Docker\resources\bin;C:\Users\admin\AppData\Local\Microsoft\WindowsApps;C:\Program Files\Azure Data Studio\bin;C:\Users\admin\AppData\Local\Programs\Microsoft VS Code\bin;C:\Users\admin\AppData\Roaming\npm;C:\Program Files\nodejs;
USERNAME=admin
LANG=en_US.UTF-8
OS=Windows_NT
PROCESSOR_IDENTIFIER=AMD64 Family 25 Model 80 Stepping 0, AuthenticAMD
TMP=C:\Users\admin\AppData\Local\Temp
TEMP=C:\Users\admin\AppData\Local\Temp




Periodic native trim disabled

---------------  S Y S T E M  ---------------

OS:
 Windows 11 , 64 bit Build 26100 (10.0.26100.3775)
OS uptime: 0 days 22:32 hours
Hyper-V role detected

CPU: total 12 (initial active 12) (12 cores per cpu, 2 threads per core) family 25 model 80 stepping 0 microcode 0xa500011, cx8, cmov, fxsr, ht, mmx, 3dnowpref, sse, sse2, sse3, ssse3, sse4a, sse4.1, sse4.2, popcnt, lzcnt, tsc, tscinvbit, avx, avx2, aes, erms, clmul, bmi1, bmi2, adx, sha, fma, vzeroupper, clflush, clflushopt, hv, rdtscp, rdpid, fsrm, f16c, cet_ss
Processor Information for processor 0
  Max Mhz: 2301, Current Mhz: 2301, Mhz Limit: 2301
Processor Information for processor 1
  Max Mhz: 2301, Current Mhz: 2301, Mhz Limit: 2301
Processor Information for processor 2
  Max Mhz: 2301, Current Mhz: 2010, Mhz Limit: 2301
Processor Information for processor 3
  Max Mhz: 2301, Current Mhz: 2301, Mhz Limit: 2301
Processor Information for processor 4
  Max Mhz: 2301, Current Mhz: 2010, Mhz Limit: 2301
Processor Information for processor 5
  Max Mhz: 2301, Current Mhz: 2301, Mhz Limit: 2301
Processor Information for processor 6
  Max Mhz: 2301, Current Mhz: 2301, Mhz Limit: 2301
Processor Information for processor 7
  Max Mhz: 2301, Current Mhz: 2010, Mhz Limit: 2301
Processor Information for processor 8
  Max Mhz: 2301, Current Mhz: 2010, Mhz Limit: 2301
Processor Information for processor 9
  Max Mhz: 2301, Current Mhz: 2301, Mhz Limit: 2301
Processor Information for processor 10
  Max Mhz: 2301, Current Mhz: 2301, Mhz Limit: 2301
Processor Information for processor 11
  Max Mhz: 2301, Current Mhz: 2301, Mhz Limit: 2301

Memory: 4k page, system-wide physical 7531M (628M free)
TotalPageFile size 21655M (AvailPageFile size 12M)
current process WorkingSet (physical memory assigned to process): 265M, peak: 274M
current process commit charge ("private bytes"): 305M, peak: 312M

vm_info: Java HotSpot(TM) 64-Bit Server VM (21.0.3+7-LTS-152) for windows-amd64 JRE (21.0.3+7-LTS-152), built on 2024-03-11T17:42:26Z by "mach5one" with MS VC++ 17.6 (VS2022)

END.
